# JRE version: OpenJDK Runtime Environment (11.0.13) (build 11.0.13+0-b1751.21-8125866)
# Java VM: OpenJDK 64-Bit Server VM (11.0.13+0-b1751.21-8125866, mixed mode, tiered, compressed oops, g1 gc, windows-amd64)
Heap:
 garbage-first heap   total 261120K, used 93184K [0x0000000080000000, 0x0000000100000000)
  region size 1024K, 1 young (1024K), 1 survivors (1024K)
 Metaspace       used 114900K, capacity 118096K, committed 118352K, reserved 1153024K
  class space    used 14565K, capacity 15774K, committed 15872K, reserved 1048576K
GC Heap History (20 events):
Event: 117.413 GC heap after
{Heap after GC invocations=103 (full 0):
 garbage-first heap   total 146432K, used 92192K [0x0000000080000000, 0x0000000100000000)
  region size 1024K, 4 young (4096K), 4 survivors (4096K)
 Metaspace       used 112450K, capacity 115362K, committed 115536K, reserved 1148928K
  class space    used 14406K, capacity 15558K, committed 15616K, reserved 1048576K
}
Event: 117.664 GC heap before
{Heap before GC invocations=103 (full 0):
 garbage-first heap   total 146432K, used 94240K [0x0000000080000000, 0x0000000100000000)
  region size 1024K, 7 young (7168K), 4 survivors (4096K)
 Metaspace       used 112727K, capacity 115720K, committed 115792K, reserved 1148928K
  class space    used 14447K, capacity 15612K, committed 15616K, reserved 1048576K
}
Event: 117.680 GC heap after
{Heap after GC invocations=104 (full 0):
 garbage-first heap   total 146432K, used 86925K [0x0000000080000000, 0x0000000100000000)
  region size 1024K, 1 young (1024K), 1 survivors (1024K)
 Metaspace       used 112727K, capacity 115720K, committed 115792K, reserved 1148928K
  class space    used 14447K, capacity 15612K, committed 15616K, reserved 1048576K
}
Event: 187.564 GC heap before
{Heap before GC invocations=104 (full 0):
 garbage-first heap   total 146432K, used 117645K [0x0000000080000000, 0x0000000100000000)
  region size 1024K, 32 young (32768K), 1 survivors (1024K)
 Metaspace       used 113540K, capacity 116575K, committed 116688K, reserved 1150976K
  class space    used 14480K, capacity 15657K, committed 15744K, reserved 1048576K
}
Event: 187.599 GC heap after
{Heap after GC invocations=105 (full 0):
 garbage-first heap   total 146432K, used 90044K [0x0000000080000000, 0x0000000100000000)
  region size 1024K, 4 young (4096K), 4 survivors (4096K)
 Metaspace       used 113540K, capacity 116575K, committed 116688K, reserved 1150976K
  class space    used 14480K, capacity 15657K, committed 15744K, reserved 1048576K
}
Event: 329.841 GC heap before
{Heap before GC invocations=106 (full 0):
 garbage-first heap   total 146432K, used 120764K [0x0000000080000000, 0x0000000100000000)
  region size 1024K, 34 young (34816K), 4 survivors (4096K)
 Metaspace       used 113955K, capacity 117020K, committed 117200K, reserved 1150976K
  class space    used 14488K, capacity 15669K, committed 15744K, reserved 1048576K
}
Event: 329.851 GC heap after
{Heap after GC invocations=107 (full 0):
 garbage-first heap   total 146432K, used 87785K [0x0000000080000000, 0x0000000100000000)
  region size 1024K, 1 young (1024K), 1 survivors (1024K)
 Metaspace       used 113955K, capacity 117020K, committed 117200K, reserved 1150976K
  class space    used 14488K, capacity 15669K, committed 15744K, reserved 1048576K
}
Event: 331.928 GC heap before
{Heap before GC invocations=107 (full 0):
 garbage-first heap   total 146432K, used 92905K [0x0000000080000000, 0x0000000100000000)
  region size 1024K, 7 young (7168K), 1 survivors (1024K)
 Metaspace       used 114043K, capacity 117113K, committed 117200K, reserved 1150976K
  class space    used 14501K, capacity 15692K, committed 15744K, reserved 1048576K
}
Event: 331.939 GC heap after
{Heap after GC invocations=108 (full 0):
 garbage-first heap   total 146432K, used 88064K [0x0000000080000000, 0x0000000100000000)
  region size 1024K, 1 young (1024K), 1 survivors (1024K)
 Metaspace       used 114043K, capacity 117113K, committed 117200K, reserved 1150976K
  class space    used 14501K, capacity 15692K, committed 15744K, reserved 1048576K
}
Event: 338.244 GC heap before
{Heap before GC invocations=108 (full 0):
 garbage-first heap   total 146432K, used 120832K [0x0000000080000000, 0x0000000100000000)
  region size 1024K, 33 young (33792K), 1 survivors (1024K)
 Metaspace       used 114505K, capacity 117603K, committed 117712K, reserved 1150976K
  class space    used 14535K, capacity 15721K, committed 15744K, reserved 1048576K
}
Event: 338.268 GC heap after
{Heap after GC invocations=109 (full 0):
 garbage-first heap   total 146432K, used 92427K [0x0000000080000000, 0x0000000100000000)
  region size 1024K, 5 young (5120K), 5 survivors (5120K)
 Metaspace       used 114505K, capacity 117603K, committed 117712K, reserved 1150976K
  class space    used 14535K, capacity 15721K, committed 15744K, reserved 1048576K
}
Event: 521.578 GC heap before
{Heap before GC invocations=110 (full 0):
 garbage-first heap   total 146432K, used 120075K [0x0000000080000000, 0x0000000100000000)
  region size 1024K, 33 young (33792K), 5 survivors (5120K)
 Metaspace       used 114703K, capacity 117886K, committed 117968K, reserved 1150976K
  class space    used 14545K, capacity 15737K, committed 15744K, reserved 1048576K
}
Event: 524.889 GC heap after
{Heap after GC invocations=111 (full 0):
 garbage-first heap   total 146432K, used 95641K [0x0000000080000000, 0x0000000100000000)
  region size 1024K, 4 young (4096K), 4 survivors (4096K)
 Metaspace       used 114703K, capacity 117886K, committed 117968K, reserved 1150976K
  class space    used 14545K, capacity 15737K, committed 15744K, reserved 1048576K
}
Event: 532.749 GC heap before
{Heap before GC invocations=111 (full 0):
 garbage-first heap   total 146432K, used 97689K [0x0000000080000000, 0x0000000100000000)
  region size 1024K, 7 young (7168K), 4 survivors (4096K)
 Metaspace       used 114763K, capacity 117934K, committed 118096K, reserved 1150976K
  class space    used 14551K, capacity 15749K, committed 15872K, reserved 1048576K
}
Event: 535.937 GC heap after
{Heap after GC invocations=112 (full 0):
 garbage-first heap   total 146432K, used 93184K [0x0000000080000000, 0x0000000100000000)
  region size 1024K, 1 young (1024K), 1 survivors (1024K)
 Metaspace       used 114763K, capacity 117934K, committed 118096K, reserved 1150976K
  class space    used 14551K, capacity 15749K, committed 15872K, reserved 1048576K
}
Event: 553.848 GC heap before
{Heap before GC invocations=112 (full 0):
 garbage-first heap   total 146432K, used 99328K [0x0000000080000000, 0x0000000100000000)
  region size 1024K, 7 young (7168K), 1 survivors (1024K)
 Metaspace       used 114834K, capacity 118000K, committed 118352K, reserved 1153024K
  class space    used 14561K, capacity 15767K, committed 15872K, reserved 1048576K
}
Event: 558.014 GC heap after
{Heap after GC invocations=113 (full 0):
 garbage-first heap   total 146432K, used 92160K [0x0000000080000000, 0x0000000100000000)
  region size 1024K, 1 young (1024K), 1 survivors (1024K)
 Metaspace       used 114834K, capacity 118000K, committed 118352K, reserved 1153024K
  class space    used 14561K, capacity 15767K, committed 15872K, reserved 1048576K
}
Event: 567.812 GC heap before
{Heap before GC invocations=113 (full 0):
 garbage-first heap   total 146432K, used 98304K [0x0000000080000000, 0x0000000100000000)
  region size 1024K, 7 young (7168K), 1 survivors (1024K)
 Metaspace       used 114873K, capacity 118080K, committed 118352K, reserved 1153024K
  class space    used 14563K, capacity 15770K, committed 15872K, reserved 1048576K
}
Event: 569.425 GC heap after
{Heap after GC invocations=114 (full 0):
 garbage-first heap   total 146432K, used 92583K [0x0000000080000000, 0x0000000100000000)
  region size 1024K, 1 young (1024K), 1 survivors (1024K)
 Metaspace       used 114873K, capacity 118080K, committed 118352K, reserved 1153024K
  class space    used 14563K, capacity 15770K, committed 15872K, reserved 1048576K
}
Event: 577.138 GC heap before
{Heap before GC invocations=114 (full 0):
 garbage-first heap   total 146432K, used 97703K [0x0000000080000000, 0x0000000100000000)
  region size 1024K, 7 young (7168K), 1 survivors (1024K)
 Metaspace       used 114900K, capacity 118096K, committed 118352K, reserved 1153024K
  class space    used 14565K, capacity 15774K, committed 15872K, reserved 1048576K
}

