# JRE version: OpenJDK Runtime Environment (11.0.13) (build 11.0.13+0-b1751.21-8125866)
# Java VM: OpenJDK 64-Bit Server VM (11.0.13+0-b1751.21-8125866, mixed mode, tiered, compressed oops, g1 gc, windows-amd64)
Heap:
 garbage-first heap   total 57344K, used 17741K [0x0000000080000000, 0x0000000100000000)
  region size 1024K, 2 young (2048K), 2 survivors (2048K)
 Metaspace       used 20716K, capacity 21145K, committed 21296K, reserved 1071104K
  class space    used 2507K, capacity 2648K, committed 2688K, reserved 1048576K
GC Heap History (14 events):
Event: 0.994 GC heap before
{Heap before GC invocations=0 (full 0):
 garbage-first heap   total 57344K, used 6144K [0x0000000080000000, 0x0000000100000000)
  region size 1024K, 7 young (7168K), 0 survivors (0K)
 Metaspace       used 6134K, capacity 6269K, committed 6528K, reserved 1056768K
  class space    used 527K, capacity 578K, committed 640K, reserved 1048576K
}
Event: 1.016 GC heap after
{Heap after GC invocations=1 (full 0):
 garbage-first heap   total 57344K, used 1408K [0x0000000080000000, 0x0000000100000000)
  region size 1024K, 1 young (1024K), 1 survivors (1024K)
 Metaspace       used 6134K, capacity 6269K, committed 6528K, reserved 1056768K
  class space    used 527K, capacity 578K, committed 640K, reserved 1048576K
}
Event: 3.947 GC heap before
{Heap before GC invocations=1 (full 0):
 garbage-first heap   total 57344K, used 40320K [0x0000000080000000, 0x0000000100000000)
  region size 1024K, 33 young (33792K), 1 survivors (1024K)
 Metaspace       used 11207K, capacity 11454K, committed 11520K, reserved 1058816K
  class space    used 1153K, capacity 1246K, committed 1280K, reserved 1048576K
}
Event: 3.967 GC heap after
{Heap after GC invocations=2 (full 0):
 garbage-first heap   total 57344K, used 9681K [0x0000000080000000, 0x0000000100000000)
  region size 1024K, 5 young (5120K), 5 survivors (5120K)
 Metaspace       used 11207K, capacity 11454K, committed 11520K, reserved 1058816K
  class space    used 1153K, capacity 1246K, committed 1280K, reserved 1048576K
}
Event: 4.279 GC heap before
{Heap before GC invocations=2 (full 0):
 garbage-first heap   total 57344K, used 16849K [0x0000000080000000, 0x0000000100000000)
  region size 1024K, 12 young (12288K), 5 survivors (5120K)
 Metaspace       used 11256K, capacity 11518K, committed 11776K, reserved 1060864K
  class space    used 1153K, capacity 1246K, committed 1280K, reserved 1048576K
}
Event: 4.289 GC heap after
{Heap after GC invocations=3 (full 0):
 garbage-first heap   total 57344K, used 10164K [0x0000000080000000, 0x0000000100000000)
  region size 1024K, 1 young (1024K), 1 survivors (1024K)
 Metaspace       used 11256K, capacity 11518K, committed 11776K, reserved 1060864K
  class space    used 1153K, capacity 1246K, committed 1280K, reserved 1048576K
}
Event: 5.438 GC heap before
{Heap before GC invocations=3 (full 0):
 garbage-first heap   total 57344K, used 29620K [0x0000000080000000, 0x0000000100000000)
  region size 1024K, 20 young (20480K), 1 survivors (1024K)
 Metaspace       used 11404K, capacity 11766K, committed 11904K, reserved 1060864K
  class space    used 1172K, capacity 1286K, committed 1408K, reserved 1048576K
}
Event: 5.448 GC heap after
{Heap after GC invocations=4 (full 0):
 garbage-first heap   total 57344K, used 14336K [0x0000000080000000, 0x0000000100000000)
  region size 1024K, 3 young (3072K), 3 survivors (3072K)
 Metaspace       used 11404K, capacity 11766K, committed 11904K, reserved 1060864K
  class space    used 1172K, capacity 1286K, committed 1408K, reserved 1048576K
}
Event: 14.132 GC heap before
{Heap before GC invocations=4 (full 0):
 garbage-first heap   total 57344K, used 33792K [0x0000000080000000, 0x0000000100000000)
  region size 1024K, 22 young (22528K), 3 survivors (3072K)
 Metaspace       used 16031K, capacity 16393K, committed 16640K, reserved 1064960K
  class space    used 1803K, capacity 1935K, committed 2048K, reserved 1048576K
}
Event: 14.159 GC heap after
{Heap after GC invocations=5 (full 0):
 garbage-first heap   total 57344K, used 16133K [0x0000000080000000, 0x0000000100000000)
  region size 1024K, 2 young (2048K), 2 survivors (2048K)
 Metaspace       used 16031K, capacity 16393K, committed 16640K, reserved 1064960K
  class space    used 1803K, capacity 1935K, committed 2048K, reserved 1048576K
}
Event: 18.351 GC heap before
{Heap before GC invocations=5 (full 0):
 garbage-first heap   total 57344K, used 35589K [0x0000000080000000, 0x0000000100000000)
  region size 1024K, 21 young (21504K), 2 survivors (2048K)
 Metaspace       used 18889K, capacity 19245K, committed 19328K, reserved 1067008K
  class space    used 2241K, capacity 2377K, committed 2432K, reserved 1048576K
}
Event: 18.362 GC heap after
{Heap after GC invocations=6 (full 0):
 garbage-first heap   total 57344K, used 17260K [0x0000000080000000, 0x0000000100000000)
  region size 1024K, 2 young (2048K), 2 survivors (2048K)
 Metaspace       used 18889K, capacity 19245K, committed 19328K, reserved 1067008K
  class space    used 2241K, capacity 2377K, committed 2432K, reserved 1048576K
}
Event: 19.764 GC heap before
{Heap before GC invocations=6 (full 0):
 garbage-first heap   total 57344K, used 34668K [0x0000000080000000, 0x0000000100000000)
  region size 1024K, 20 young (20480K), 2 survivors (2048K)
 Metaspace       used 20716K, capacity 21145K, committed 21296K, reserved 1069056K
  class space    used 2507K, capacity 2648K, committed 2688K, reserved 1048576K
}
Event: 19.773 GC heap after
{Heap after GC invocations=7 (full 0):
 garbage-first heap   total 57344K, used 17741K [0x0000000080000000, 0x0000000100000000)
  region size 1024K, 2 young (2048K), 2 survivors (2048K)
 Metaspace       used 20716K, capacity 21145K, committed 21296K, reserved 1069056K
  class space    used 2507K, capacity 2648K, committed 2688K, reserved 1048576K
}

