# JRE version: OpenJDK Runtime Environment (11.0.13) (build 11.0.13+0-b1751.21-8125866)
# Java VM: OpenJDK 64-Bit Server VM (11.0.13+0-b1751.21-8125866, mixed mode, tiered, compressed oops, g1 gc, windows-amd64)
Heap:
 garbage-first heap   total 101376K, used 46696K [0x0000000080000000, 0x0000000100000000)
  region size 1024K, 2 young (2048K), 2 survivors (2048K)
 Metaspace       used 56805K, capacity 58144K, committed 58448K, reserved 1099776K
  class space    used 7113K, capacity 7631K, committed 7680K, reserved 1048576K
GC Heap History (20 events):
Event: 15.220 GC heap after
{Heap after GC invocations=12 (full 0):
 garbage-first heap   total 69632K, used 23242K [0x0000000080000000, 0x0000000100000000)
  region size 1024K, 4 young (4096K), 4 survivors (4096K)
 Metaspace       used 35074K, capacity 35803K, committed 35920K, reserved 1081344K
  class space    used 4482K, capacity 4783K, committed 4864K, reserved 1048576K
}
Event: 16.206 GC heap before
{Heap before GC invocations=13 (full 0):
 garbage-first heap   total 69632K, used 44746K [0x0000000080000000, 0x0000000100000000)
  region size 1024K, 26 young (26624K), 4 survivors (4096K)
 Metaspace       used 37054K, capacity 37831K, committed 37840K, reserved 1083392K
  class space    used 4691K, capacity 4988K, committed 4992K, reserved 1048576K
}
Event: 16.224 GC heap after
{Heap after GC invocations=14 (full 0):
 garbage-first heap   total 69632K, used 26071K [0x0000000080000000, 0x0000000100000000)
  region size 1024K, 4 young (4096K), 4 survivors (4096K)
 Metaspace       used 37054K, capacity 37831K, committed 37840K, reserved 1083392K
  class space    used 4691K, capacity 4988K, committed 4992K, reserved 1048576K
}
Event: 17.881 GC heap before
{Heap before GC invocations=14 (full 0):
 garbage-first heap   total 69632K, used 50647K [0x0000000080000000, 0x0000000100000000)
  region size 1024K, 26 young (26624K), 4 survivors (4096K)
 Metaspace       used 39330K, capacity 40181K, committed 40528K, reserved 1085440K
  class space    used 4939K, capacity 5258K, committed 5376K, reserved 1048576K
}
Event: 17.907 GC heap after
{Heap after GC invocations=15 (full 0):
 garbage-first heap   total 69632K, used 27441K [0x0000000080000000, 0x0000000100000000)
  region size 1024K, 2 young (2048K), 2 survivors (2048K)
 Metaspace       used 39330K, capacity 40181K, committed 40528K, reserved 1085440K
  class space    used 4939K, capacity 5258K, committed 5376K, reserved 1048576K
}
Event: 19.172 GC heap before
{Heap before GC invocations=15 (full 0):
 garbage-first heap   total 69632K, used 49969K [0x0000000080000000, 0x0000000100000000)
  region size 1024K, 24 young (24576K), 2 survivors (2048K)
 Metaspace       used 40762K, capacity 41594K, committed 41680K, reserved 1085440K
  class space    used 5119K, capacity 5450K, committed 5504K, reserved 1048576K
}
Event: 19.185 GC heap after
{Heap after GC invocations=16 (full 0):
 garbage-first heap   total 69632K, used 29590K [0x0000000080000000, 0x0000000100000000)
  region size 1024K, 2 young (2048K), 2 survivors (2048K)
 Metaspace       used 40762K, capacity 41594K, committed 41680K, reserved 1085440K
  class space    used 5119K, capacity 5450K, committed 5504K, reserved 1048576K
}
Event: 20.608 GC heap before
{Heap before GC invocations=16 (full 0):
 garbage-first heap   total 69632K, used 52118K [0x0000000080000000, 0x0000000100000000)
  region size 1024K, 24 young (24576K), 2 survivors (2048K)
 Metaspace       used 42848K, capacity 43758K, committed 43856K, reserved 1087488K
  class space    used 5449K, capacity 5801K, committed 5888K, reserved 1048576K
}
Event: 20.619 GC heap after
{Heap after GC invocations=17 (full 0):
 garbage-first heap   total 83968K, used 30010K [0x0000000080000000, 0x0000000100000000)
  region size 1024K, 1 young (1024K), 1 survivors (1024K)
 Metaspace       used 42848K, capacity 43758K, committed 43856K, reserved 1087488K
  class space    used 5449K, capacity 5801K, committed 5888K, reserved 1048576K
}
Event: 21.684 GC heap before
{Heap before GC invocations=17 (full 0):
 garbage-first heap   total 83968K, used 57658K [0x0000000080000000, 0x0000000100000000)
  region size 1024K, 28 young (28672K), 1 survivors (1024K)
 Metaspace       used 45377K, capacity 46378K, committed 46416K, reserved 1089536K
  class space    used 5747K, capacity 6140K, committed 6144K, reserved 1048576K
}
Event: 21.693 GC heap after
{Heap after GC invocations=18 (full 0):
 garbage-first heap   total 83968K, used 31091K [0x0000000080000000, 0x0000000100000000)
  region size 1024K, 2 young (2048K), 2 survivors (2048K)
 Metaspace       used 45377K, capacity 46378K, committed 46416K, reserved 1089536K
  class space    used 5747K, capacity 6140K, committed 6144K, reserved 1048576K
}
Event: 23.707 GC heap before
{Heap before GC invocations=18 (full 0):
 garbage-first heap   total 83968K, used 58739K [0x0000000080000000, 0x0000000100000000)
  region size 1024K, 29 young (29696K), 2 survivors (2048K)
 Metaspace       used 47610K, capacity 48721K, committed 48848K, reserved 1091584K
  class space    used 6028K, capacity 6453K, committed 6528K, reserved 1048576K
}
Event: 23.720 GC heap after
{Heap after GC invocations=19 (full 0):
 garbage-first heap   total 83968K, used 32619K [0x0000000080000000, 0x0000000100000000)
  region size 1024K, 4 young (4096K), 4 survivors (4096K)
 Metaspace       used 47610K, capacity 48721K, committed 48848K, reserved 1091584K
  class space    used 6028K, capacity 6453K, committed 6528K, reserved 1048576K
}
Event: 25.755 GC heap before
{Heap before GC invocations=19 (full 0):
 garbage-first heap   total 83968K, used 62315K [0x0000000080000000, 0x0000000100000000)
  region size 1024K, 31 young (31744K), 4 survivors (4096K)
 Metaspace       used 48563K, capacity 49666K, committed 49872K, reserved 1093632K
  class space    used 6102K, capacity 6523K, committed 6528K, reserved 1048576K
}
Event: 25.774 GC heap after
{Heap after GC invocations=20 (full 0):
 garbage-first heap   total 83968K, used 39258K [0x0000000080000000, 0x0000000100000000)
  region size 1024K, 4 young (4096K), 4 survivors (4096K)
 Metaspace       used 48563K, capacity 49666K, committed 49872K, reserved 1093632K
  class space    used 6102K, capacity 6523K, committed 6528K, reserved 1048576K
}
Event: 27.146 GC heap before
{Heap before GC invocations=20 (full 0):
 garbage-first heap   total 83968K, used 65882K [0x0000000080000000, 0x0000000100000000)
  region size 1024K, 28 young (28672K), 4 survivors (4096K)
 Metaspace       used 50730K, capacity 51989K, committed 52048K, reserved 1095680K
  class space    used 6384K, capacity 6881K, committed 6912K, reserved 1048576K
}
Event: 27.162 GC heap after
{Heap after GC invocations=21 (full 0):
 garbage-first heap   total 83968K, used 45176K [0x0000000080000000, 0x0000000100000000)
  region size 1024K, 4 young (4096K), 4 survivors (4096K)
 Metaspace       used 50730K, capacity 51989K, committed 52048K, reserved 1095680K
  class space    used 6384K, capacity 6881K, committed 6912K, reserved 1048576K
}
Event: 28.271 GC heap before
{Heap before GC invocations=21 (full 0):
 garbage-first heap   total 83968K, used 65656K [0x0000000080000000, 0x0000000100000000)
  region size 1024K, 24 young (24576K), 4 survivors (4096K)
 Metaspace       used 53478K, capacity 54829K, committed 54992K, reserved 1097728K
  class space    used 6714K, capacity 7252K, committed 7296K, reserved 1048576K
}
Event: 28.286 GC heap after
{Heap after GC invocations=22 (full 0):
 garbage-first heap   total 83968K, used 46313K [0x0000000080000000, 0x0000000100000000)
  region size 1024K, 1 young (1024K), 1 survivors (1024K)
 Metaspace       used 53478K, capacity 54829K, committed 54992K, reserved 1097728K
  class space    used 6714K, capacity 7252K, committed 7296K, reserved 1048576K
}
Event: 29.655 GC heap before
{Heap before GC invocations=23 (full 0):
 garbage-first heap   total 83968K, used 66793K [0x0000000080000000, 0x0000000100000000)
  region size 1024K, 21 young (21504K), 1 survivors (1024K)
 Metaspace       used 56805K, capacity 58144K, committed 58448K, reserved 1099776K
  class space    used 7113K, capacity 7631K, committed 7680K, reserved 1048576K
}

