# JRE version: OpenJDK Runtime Environment (11.0.13) (build 11.0.13+0-b1751.21-8125866)
# Java VM: OpenJDK 64-Bit Server VM (11.0.13+0-b1751.21-8125866, mixed mode, tiered, compressed oops, g1 gc, windows-amd64)
Heap:
 garbage-first heap   total 101376K, used 50782K [0x0000000080000000, 0x0000000100000000)
  region size 1024K, 2 young (2048K), 2 survivors (2048K)
 Metaspace       used 63486K, capacity 64932K, committed 65232K, reserved 1105920K
  class space    used 7941K, capacity 8519K, committed 8576K, reserved 1048576K
GC Heap History (20 events):
Event: 18.973 GC heap after
{Heap after GC invocations=16 (full 0):
 garbage-first heap   total 69632K, used 27798K [0x0000000080000000, 0x0000000100000000)
  region size 1024K, 4 young (4096K), 4 survivors (4096K)
 Metaspace       used 40883K, capacity 41827K, committed 41936K, reserved 1085440K
  class space    used 5137K, capacity 5484K, committed 5504K, reserved 1048576K
}
Event: 20.100 GC heap before
{Heap before GC invocations=16 (full 0):
 garbage-first heap   total 69632K, used 52374K [0x0000000080000000, 0x0000000100000000)
  region size 1024K, 28 young (28672K), 4 survivors (4096K)
 Metaspace       used 43649K, capacity 44662K, committed 44880K, reserved 1089536K
  class space    used 5470K, capacity 5868K, committed 5888K, reserved 1048576K
}
Event: 20.116 GC heap after
{Heap after GC invocations=17 (full 0):
 garbage-first heap   total 69632K, used 28488K [0x0000000080000000, 0x0000000100000000)
  region size 1024K, 3 young (3072K), 3 survivors (3072K)
 Metaspace       used 43649K, capacity 44662K, committed 44880K, reserved 1089536K
  class space    used 5470K, capacity 5868K, committed 5888K, reserved 1048576K
}
Event: 20.792 GC heap before
{Heap before GC invocations=17 (full 0):
 garbage-first heap   total 69632K, used 53064K [0x0000000080000000, 0x0000000100000000)
  region size 1024K, 27 young (27648K), 3 survivors (3072K)
 Metaspace       used 45294K, capacity 46298K, committed 46416K, reserved 1089536K
  class space    used 5737K, capacity 6135K, committed 6144K, reserved 1048576K
}
Event: 20.805 GC heap after
{Heap after GC invocations=18 (full 0):
 garbage-first heap   total 69632K, used 29807K [0x0000000080000000, 0x0000000100000000)
  region size 1024K, 2 young (2048K), 2 survivors (2048K)
 Metaspace       used 45294K, capacity 46298K, committed 46416K, reserved 1089536K
  class space    used 5737K, capacity 6135K, committed 6144K, reserved 1048576K
}
Event: 21.914 GC heap before
{Heap before GC invocations=18 (full 0):
 garbage-first heap   total 69632K, used 54383K [0x0000000080000000, 0x0000000100000000)
  region size 1024K, 26 young (26624K), 2 survivors (2048K)
 Metaspace       used 47383K, capacity 48429K, committed 48592K, reserved 1091584K
  class space    used 6023K, capacity 6421K, committed 6528K, reserved 1048576K
}
Event: 21.937 GC heap after
{Heap after GC invocations=19 (full 0):
 garbage-first heap   total 69632K, used 30359K [0x0000000080000000, 0x0000000100000000)
  region size 1024K, 3 young (3072K), 3 survivors (3072K)
 Metaspace       used 47383K, capacity 48429K, committed 48592K, reserved 1091584K
  class space    used 6023K, capacity 6421K, committed 6528K, reserved 1048576K
}
Event: 24.965 GC heap before
{Heap before GC invocations=19 (full 0):
 garbage-first heap   total 69632K, used 53911K [0x0000000080000000, 0x0000000100000000)
  region size 1024K, 27 young (27648K), 3 survivors (3072K)
 Metaspace       used 48442K, capacity 49601K, committed 49616K, reserved 1093632K
  class space    used 6097K, capacity 6525K, committed 6528K, reserved 1048576K
}
Event: 24.981 GC heap after
{Heap after GC invocations=20 (full 0):
 garbage-first heap   total 83968K, used 32166K [0x0000000080000000, 0x0000000100000000)
  region size 1024K, 4 young (4096K), 4 survivors (4096K)
 Metaspace       used 48442K, capacity 49601K, committed 49616K, reserved 1093632K
  class space    used 6097K, capacity 6525K, committed 6528K, reserved 1048576K
}
Event: 26.664 GC heap before
{Heap before GC invocations=20 (full 0):
 garbage-first heap   total 83968K, used 64934K [0x0000000080000000, 0x0000000100000000)
  region size 1024K, 33 young (33792K), 4 survivors (4096K)
 Metaspace       used 50305K, capacity 51619K, committed 51792K, reserved 1093632K
  class space    used 6331K, capacity 6822K, committed 6912K, reserved 1048576K
}
Event: 26.686 GC heap after
{Heap after GC invocations=21 (full 0):
 garbage-first heap   total 83968K, used 43125K [0x0000000080000000, 0x0000000100000000)
  region size 1024K, 5 young (5120K), 5 survivors (5120K)
 Metaspace       used 50305K, capacity 51619K, committed 51792K, reserved 1093632K
  class space    used 6331K, capacity 6822K, committed 6912K, reserved 1048576K
}
Event: 27.770 GC heap before
{Heap before GC invocations=21 (full 0):
 garbage-first heap   total 83968K, used 65653K [0x0000000080000000, 0x0000000100000000)
  region size 1024K, 27 young (27648K), 5 survivors (5120K)
 Metaspace       used 53304K, capacity 54590K, committed 54736K, reserved 1097728K
  class space    used 6703K, capacity 7194K, committed 7296K, reserved 1048576K
}
Event: 27.782 GC heap after
{Heap after GC invocations=22 (full 0):
 garbage-first heap   total 83968K, used 45148K [0x0000000080000000, 0x0000000100000000)
  region size 1024K, 2 young (2048K), 2 survivors (2048K)
 Metaspace       used 53304K, capacity 54590K, committed 54736K, reserved 1097728K
  class space    used 6703K, capacity 7194K, committed 7296K, reserved 1048576K
}
Event: 29.142 GC heap before
{Heap before GC invocations=23 (full 0):
 garbage-first heap   total 83968K, used 66652K [0x0000000080000000, 0x0000000100000000)
  region size 1024K, 23 young (23552K), 2 survivors (2048K)
 Metaspace       used 56705K, capacity 58077K, committed 58192K, reserved 1099776K
  class space    used 7108K, capacity 7631K, committed 7680K, reserved 1048576K
}
Event: 29.150 GC heap after
{Heap after GC invocations=24 (full 0):
 garbage-first heap   total 83968K, used 45390K [0x0000000080000000, 0x0000000100000000)
  region size 1024K, 2 young (2048K), 2 survivors (2048K)
 Metaspace       used 56705K, capacity 58077K, committed 58192K, reserved 1099776K
  class space    used 7108K, capacity 7631K, committed 7680K, reserved 1048576K
}
Event: 31.316 GC heap before
{Heap before GC invocations=24 (full 0):
 garbage-first heap   total 83968K, used 67918K [0x0000000080000000, 0x0000000100000000)
  region size 1024K, 24 young (24576K), 2 survivors (2048K)
 Metaspace       used 60297K, capacity 61750K, committed 62032K, reserved 1103872K
  class space    used 7562K, capacity 8126K, committed 8192K, reserved 1048576K
}
Event: 31.333 GC heap after
{Heap after GC invocations=25 (full 0):
 garbage-first heap   total 83968K, used 47183K [0x0000000080000000, 0x0000000100000000)
  region size 1024K, 3 young (3072K), 3 survivors (3072K)
 Metaspace       used 60297K, capacity 61750K, committed 62032K, reserved 1103872K
  class space    used 7562K, capacity 8126K, committed 8192K, reserved 1048576K
}
Event: 32.413 GC heap before
{Heap before GC invocations=26 (full 0):
 garbage-first heap   total 83968K, used 67663K [0x0000000080000000, 0x0000000100000000)
  region size 1024K, 24 young (24576K), 3 survivors (3072K)
 Metaspace       used 61976K, capacity 63426K, committed 63440K, reserved 1103872K
  class space    used 7763K, capacity 8320K, committed 8320K, reserved 1048576K
}
Event: 32.430 GC heap after
{Heap after GC invocations=27 (full 0):
 garbage-first heap   total 83968K, used 49158K [0x0000000080000000, 0x0000000100000000)
  region size 1024K, 3 young (3072K), 3 survivors (3072K)
 Metaspace       used 61976K, capacity 63426K, committed 63440K, reserved 1103872K
  class space    used 7763K, capacity 8320K, committed 8320K, reserved 1048576K
}
Event: 33.452 GC heap before
{Heap before GC invocations=27 (full 0):
 garbage-first heap   total 83968K, used 68614K [0x0000000080000000, 0x0000000100000000)
  region size 1024K, 22 young (22528K), 3 survivors (3072K)
 Metaspace       used 63486K, capacity 64932K, committed 65232K, reserved 1105920K
  class space    used 7941K, capacity 8519K, committed 8576K, reserved 1048576K
}

