# JRE version: OpenJDK Runtime Environment (11.0.13) (build 11.0.13+0-b1751.21-8125866)
# Java VM: OpenJDK 64-Bit Server VM (11.0.13+0-b1751.21-8125866, mixed mode, tiered, compressed oops, g1 gc, windows-amd64)
Heap:
 garbage-first heap   total 109568K, used 64015K [0x0000000080000000, 0x0000000100000000)
  region size 1024K, 2 young (2048K), 2 survivors (2048K)
 Metaspace       used 78805K, capacity 80583K, committed 80848K, reserved 1120256K
  class space    used 10171K, capacity 10846K, committed 10880K, reserved 1048576K
GC Heap History (20 events):
Event: 60.204 GC heap after
{Heap after GC invocations=26 (full 0):
 garbage-first heap   total 91136K, used 52180K [0x0000000080000000, 0x0000000100000000)
  region size 1024K, 3 young (3072K), 3 survivors (3072K)
 Metaspace       used 64676K, capacity 66142K, committed 66384K, reserved 1107968K
  class space    used 8095K, capacity 8660K, committed 8704K, reserved 1048576K
}
Event: 61.480 GC heap before
{Heap before GC invocations=27 (full 0):
 garbage-first heap   total 91136K, used 71636K [0x0000000080000000, 0x0000000100000000)
  region size 1024K, 21 young (21504K), 3 survivors (3072K)
 Metaspace       used 65492K, capacity 66934K, committed 67024K, reserved 1107968K
  class space    used 8223K, capacity 8769K, committed 8832K, reserved 1048576K
}
Event: 61.493 GC heap after
{Heap after GC invocations=28 (full 0):
 garbage-first heap   total 91136K, used 53479K [0x0000000080000000, 0x0000000100000000)
  region size 1024K, 2 young (2048K), 2 survivors (2048K)
 Metaspace       used 65492K, capacity 66934K, committed 67024K, reserved 1107968K
  class space    used 8223K, capacity 8769K, committed 8832K, reserved 1048576K
}
Event: 61.939 GC heap before
{Heap before GC invocations=28 (full 0):
 garbage-first heap   total 91136K, used 71911K [0x0000000080000000, 0x0000000100000000)
  region size 1024K, 20 young (20480K), 2 survivors (2048K)
 Metaspace       used 65520K, capacity 67032K, committed 67280K, reserved 1107968K
  class space    used 8228K, capacity 8803K, committed 8832K, reserved 1048576K
}
Event: 61.952 GC heap after
{Heap after GC invocations=29 (full 0):
 garbage-first heap   total 91136K, used 54948K [0x0000000080000000, 0x0000000100000000)
  region size 1024K, 3 young (3072K), 3 survivors (3072K)
 Metaspace       used 65520K, capacity 67032K, committed 67280K, reserved 1107968K
  class space    used 8228K, capacity 8803K, committed 8832K, reserved 1048576K
}
Event: 63.346 GC heap before
{Heap before GC invocations=30 (full 0):
 garbage-first heap   total 91136K, used 73380K [0x0000000080000000, 0x0000000100000000)
  region size 1024K, 21 young (21504K), 3 survivors (3072K)
 Metaspace       used 67096K, capacity 68619K, committed 68816K, reserved 1110016K
  class space    used 8435K, capacity 9031K, committed 9088K, reserved 1048576K
}
Event: 63.361 GC heap after
{Heap after GC invocations=31 (full 0):
 garbage-first heap   total 91136K, used 56296K [0x0000000080000000, 0x0000000100000000)
  region size 1024K, 3 young (3072K), 3 survivors (3072K)
 Metaspace       used 67096K, capacity 68619K, committed 68816K, reserved 1110016K
  class space    used 8435K, capacity 9031K, committed 9088K, reserved 1048576K
}
Event: 65.410 GC heap before
{Heap before GC invocations=31 (full 0):
 garbage-first heap   total 91136K, used 73704K [0x0000000080000000, 0x0000000100000000)
  region size 1024K, 20 young (20480K), 3 survivors (3072K)
 Metaspace       used 69554K, capacity 71145K, committed 71376K, reserved 1112064K
  class space    used 8909K, capacity 9490K, committed 9600K, reserved 1048576K
}
Event: 65.423 GC heap after
{Heap after GC invocations=32 (full 0):
 garbage-first heap   total 91136K, used 57396K [0x0000000080000000, 0x0000000100000000)
  region size 1024K, 3 young (3072K), 3 survivors (3072K)
 Metaspace       used 69554K, capacity 71145K, committed 71376K, reserved 1112064K
  class space    used 8909K, capacity 9490K, committed 9600K, reserved 1048576K
}
Event: 66.709 GC heap before
{Heap before GC invocations=33 (full 0):
 garbage-first heap   total 91136K, used 74804K [0x0000000080000000, 0x0000000100000000)
  region size 1024K, 20 young (20480K), 3 survivors (3072K)
 Metaspace       used 71141K, capacity 72730K, committed 72912K, reserved 1112064K
  class space    used 9129K, capacity 9731K, committed 9856K, reserved 1048576K
}
Event: 66.724 GC heap after
{Heap after GC invocations=34 (full 0):
 garbage-first heap   total 91136K, used 58791K [0x0000000080000000, 0x0000000100000000)
  region size 1024K, 3 young (3072K), 3 survivors (3072K)
 Metaspace       used 71141K, capacity 72730K, committed 72912K, reserved 1112064K
  class space    used 9129K, capacity 9731K, committed 9856K, reserved 1048576K
}
Event: 68.343 GC heap before
{Heap before GC invocations=34 (full 0):
 garbage-first heap   total 91136K, used 76199K [0x0000000080000000, 0x0000000100000000)
  region size 1024K, 20 young (20480K), 3 survivors (3072K)
 Metaspace       used 72505K, capacity 74091K, committed 74320K, reserved 1114112K
  class space    used 9331K, capacity 9966K, committed 9984K, reserved 1048576K
}
Event: 68.374 GC heap after
{Heap after GC invocations=35 (full 0):
 garbage-first heap   total 91136K, used 59805K [0x0000000080000000, 0x0000000100000000)
  region size 1024K, 3 young (3072K), 3 survivors (3072K)
 Metaspace       used 72505K, capacity 74091K, committed 74320K, reserved 1114112K
  class space    used 9331K, capacity 9966K, committed 9984K, reserved 1048576K
}
Event: 69.530 GC heap before
{Heap before GC invocations=36 (full 0):
 garbage-first heap   total 91136K, used 76189K [0x0000000080000000, 0x0000000100000000)
  region size 1024K, 19 young (19456K), 3 survivors (3072K)
 Metaspace       used 73732K, capacity 75433K, committed 75600K, reserved 1114112K
  class space    used 9488K, capacity 10127K, committed 10240K, reserved 1048576K
}
Event: 69.559 GC heap after
{Heap after GC invocations=37 (full 0):
 garbage-first heap   total 91136K, used 61067K [0x0000000080000000, 0x0000000100000000)
  region size 1024K, 3 young (3072K), 3 survivors (3072K)
 Metaspace       used 73732K, capacity 75433K, committed 75600K, reserved 1114112K
  class space    used 9488K, capacity 10127K, committed 10240K, reserved 1048576K
}
Event: 71.369 GC heap before
{Heap before GC invocations=37 (full 0):
 garbage-first heap   total 91136K, used 76427K [0x0000000080000000, 0x0000000100000000)
  region size 1024K, 18 young (18432K), 3 survivors (3072K)
 Metaspace       used 75426K, capacity 77117K, committed 77392K, reserved 1116160K
  class space    used 9726K, capacity 10387K, committed 10496K, reserved 1048576K
}
Event: 71.384 GC heap after
{Heap after GC invocations=38 (full 0):
 garbage-first heap   total 91136K, used 61574K [0x0000000080000000, 0x0000000100000000)
  region size 1024K, 2 young (2048K), 2 survivors (2048K)
 Metaspace       used 75426K, capacity 77117K, committed 77392K, reserved 1116160K
  class space    used 9726K, capacity 10387K, committed 10496K, reserved 1048576K
}
Event: 72.911 GC heap before
{Heap before GC invocations=39 (full 0):
 garbage-first heap   total 91136K, used 76934K [0x0000000080000000, 0x0000000100000000)
  region size 1024K, 17 young (17408K), 2 survivors (2048K)
 Metaspace       used 77756K, capacity 79429K, committed 79696K, reserved 1118208K
  class space    used 10042K, capacity 10699K, committed 10752K, reserved 1048576K
}
Event: 72.926 GC heap after
{Heap after GC invocations=40 (full 0):
 garbage-first heap   total 91136K, used 62873K [0x0000000080000000, 0x0000000100000000)
  region size 1024K, 2 young (2048K), 2 survivors (2048K)
 Metaspace       used 77756K, capacity 79429K, committed 79696K, reserved 1118208K
  class space    used 10042K, capacity 10699K, committed 10752K, reserved 1048576K
}
Event: 75.384 GC heap before
{Heap before GC invocations=40 (full 0):
 garbage-first heap   total 91136K, used 77209K [0x0000000080000000, 0x0000000100000000)
  region size 1024K, 16 young (16384K), 2 survivors (2048K)
 Metaspace       used 78805K, capacity 80583K, committed 80848K, reserved 1120256K
  class space    used 10171K, capacity 10846K, committed 10880K, reserved 1048576K
}

