# JRE version: OpenJDK Runtime Environment (11.0.13) (build 11.0.13+0-b1751.21-8125866)
# Java VM: OpenJDK 64-Bit Server VM (11.0.13+0-b1751.21-8125866, mixed mode, tiered, compressed oops, g1 gc, windows-amd64)
Heap:
 garbage-first heap   total 101376K, used 57001K [0x0000000080000000, 0x0000000100000000)
  region size 1024K, 2 young (2048K), 2 survivors (2048K)
 Metaspace       used 66415K, capacity 67976K, committed 68304K, reserved 1107968K
  class space    used 8334K, capacity 8965K, committed 9088K, reserved 1048576K
GC Heap History (20 events):
Event: 62.995 GC heap after
{Heap after GC invocations=57 (full 0):
 garbage-first heap   total 69632K, used 53120K [0x0000000080000000, 0x0000000100000000)
  region size 1024K, 1 young (1024K), 1 survivors (1024K)
 Metaspace       used 63443K, capacity 64880K, committed 64976K, reserved 1105920K
  class space    used 7928K, capacity 8519K, committed 8576K, reserved 1048576K
}
Event: 63.045 GC heap before
{Heap before GC invocations=57 (full 0):
 garbage-first heap   total 69632K, used 55168K [0x0000000080000000, 0x0000000100000000)
  region size 1024K, 3 young (3072K), 1 survivors (1024K)
 Metaspace       used 63523K, capacity 64944K, committed 65232K, reserved 1105920K
  class space    used 7942K, capacity 8519K, committed 8576K, reserved 1048576K
}
Event: 63.052 GC heap after
{Heap after GC invocations=58 (full 0):
 garbage-first heap   total 69632K, used 52401K [0x0000000080000000, 0x0000000100000000)
  region size 1024K, 1 young (1024K), 1 survivors (1024K)
 Metaspace       used 63523K, capacity 64944K, committed 65232K, reserved 1105920K
  class space    used 7942K, capacity 8519K, committed 8576K, reserved 1048576K
}
Event: 63.335 GC heap before
{Heap before GC invocations=58 (full 0):
 garbage-first heap   total 69632K, used 57521K [0x0000000080000000, 0x0000000100000000)
  region size 1024K, 6 young (6144K), 1 survivors (1024K)
 Metaspace       used 64149K, capacity 65612K, committed 65872K, reserved 1105920K
  class space    used 8011K, capacity 8592K, committed 8704K, reserved 1048576K
}
Event: 63.340 GC heap after
{Heap after GC invocations=59 (full 0):
 garbage-first heap   total 69632K, used 52481K [0x0000000080000000, 0x0000000100000000)
  region size 1024K, 1 young (1024K), 1 survivors (1024K)
 Metaspace       used 64149K, capacity 65612K, committed 65872K, reserved 1105920K
  class space    used 8011K, capacity 8592K, committed 8704K, reserved 1048576K
}
Event: 63.653 GC heap before
{Heap before GC invocations=60 (full 0):
 garbage-first heap   total 69632K, used 57601K [0x0000000080000000, 0x0000000100000000)
  region size 1024K, 6 young (6144K), 1 survivors (1024K)
 Metaspace       used 64533K, capacity 65967K, committed 66128K, reserved 1107968K
  class space    used 8090K, capacity 8689K, committed 8704K, reserved 1048576K
}
Event: 63.661 GC heap after
{Heap after GC invocations=61 (full 0):
 garbage-first heap   total 69632K, used 52654K [0x0000000080000000, 0x0000000100000000)
  region size 1024K, 1 young (1024K), 1 survivors (1024K)
 Metaspace       used 64533K, capacity 65967K, committed 66128K, reserved 1107968K
  class space    used 8090K, capacity 8689K, committed 8704K, reserved 1048576K
}
Event: 63.782 GC heap before
{Heap before GC invocations=61 (full 0):
 garbage-first heap   total 69632K, used 52654K [0x0000000080000000, 0x0000000100000000)
  region size 1024K, 3 young (3072K), 1 survivors (1024K)
 Metaspace       used 64670K, capacity 66110K, committed 66128K, reserved 1107968K
  class space    used 8099K, capacity 8692K, committed 8704K, reserved 1048576K
}
Event: 63.787 GC heap after
{Heap after GC invocations=62 (full 0):
 garbage-first heap   total 69632K, used 53076K [0x0000000080000000, 0x0000000100000000)
  region size 1024K, 1 young (1024K), 1 survivors (1024K)
 Metaspace       used 64670K, capacity 66110K, committed 66128K, reserved 1107968K
  class space    used 8099K, capacity 8692K, committed 8704K, reserved 1048576K
}
Event: 64.266 GC heap before
{Heap before GC invocations=63 (full 0):
 garbage-first heap   total 69632K, used 59220K [0x0000000080000000, 0x0000000100000000)
  region size 1024K, 6 young (6144K), 1 survivors (1024K)
 Metaspace       used 65109K, capacity 66548K, committed 66768K, reserved 1107968K
  class space    used 8146K, capacity 8728K, committed 8832K, reserved 1048576K
}
Event: 64.272 GC heap after
{Heap after GC invocations=64 (full 0):
 garbage-first heap   total 69632K, used 53642K [0x0000000080000000, 0x0000000100000000)
  region size 1024K, 1 young (1024K), 1 survivors (1024K)
 Metaspace       used 65109K, capacity 66548K, committed 66768K, reserved 1107968K
  class space    used 8146K, capacity 8728K, committed 8832K, reserved 1048576K
}
Event: 64.755 GC heap before
{Heap before GC invocations=64 (full 0):
 garbage-first heap   total 69632K, used 57738K [0x0000000080000000, 0x0000000100000000)
  region size 1024K, 5 young (5120K), 1 survivors (1024K)
 Metaspace       used 65347K, capacity 66731K, committed 67024K, reserved 1107968K
  class space    used 8197K, capacity 8765K, committed 8832K, reserved 1048576K
}
Event: 64.762 GC heap after
{Heap after GC invocations=65 (full 0):
 garbage-first heap   total 83968K, used 53795K [0x0000000080000000, 0x0000000100000000)
  region size 1024K, 1 young (1024K), 1 survivors (1024K)
 Metaspace       used 65347K, capacity 66731K, committed 67024K, reserved 1107968K
  class space    used 8197K, capacity 8765K, committed 8832K, reserved 1048576K
}
Event: 65.558 GC heap before
{Heap before GC invocations=66 (full 0):
 garbage-first heap   total 83968K, used 63011K [0x0000000080000000, 0x0000000100000000)
  region size 1024K, 10 young (10240K), 1 survivors (1024K)
 Metaspace       used 65466K, capacity 66897K, committed 67024K, reserved 1107968K
  class space    used 8224K, capacity 8799K, committed 8832K, reserved 1048576K
}
Event: 65.564 GC heap after
{Heap after GC invocations=67 (full 0):
 garbage-first heap   total 83968K, used 54705K [0x0000000080000000, 0x0000000100000000)
  region size 1024K, 2 young (2048K), 2 survivors (2048K)
 Metaspace       used 65466K, capacity 66897K, committed 67024K, reserved 1107968K
  class space    used 8224K, capacity 8799K, committed 8832K, reserved 1048576K
}
Event: 65.796 GC heap before
{Heap before GC invocations=67 (full 0):
 garbage-first heap   total 83968K, used 63921K [0x0000000080000000, 0x0000000100000000)
  region size 1024K, 11 young (11264K), 2 survivors (2048K)
 Metaspace       used 65495K, capacity 67059K, committed 67408K, reserved 1107968K
  class space    used 8229K, capacity 8833K, committed 8960K, reserved 1048576K
}
Event: 65.805 GC heap after
{Heap after GC invocations=68 (full 0):
 garbage-first heap   total 83968K, used 55649K [0x0000000080000000, 0x0000000100000000)
  region size 1024K, 2 young (2048K), 2 survivors (2048K)
 Metaspace       used 65495K, capacity 67059K, committed 67408K, reserved 1107968K
  class space    used 8229K, capacity 8833K, committed 8960K, reserved 1048576K
}
Event: 66.195 GC heap before
{Heap before GC invocations=69 (full 0):
 garbage-first heap   total 83968K, used 65889K [0x0000000080000000, 0x0000000100000000)
  region size 1024K, 12 young (12288K), 2 survivors (2048K)
 Metaspace       used 65502K, capacity 67065K, committed 67408K, reserved 1107968K
  class space    used 8230K, capacity 8834K, committed 8960K, reserved 1048576K
}
Event: 66.203 GC heap after
{Heap after GC invocations=70 (full 0):
 garbage-first heap   total 83968K, used 56312K [0x0000000080000000, 0x0000000100000000)
  region size 1024K, 2 young (2048K), 2 survivors (2048K)
 Metaspace       used 65502K, capacity 67065K, committed 67408K, reserved 1107968K
  class space    used 8230K, capacity 8834K, committed 8960K, reserved 1048576K
}
Event: 66.979 GC heap before
{Heap before GC invocations=70 (full 0):
 garbage-first heap   total 83968K, used 66552K [0x0000000080000000, 0x0000000100000000)
  region size 1024K, 12 young (12288K), 2 survivors (2048K)
 Metaspace       used 66415K, capacity 67976K, committed 68304K, reserved 1107968K
  class space    used 8334K, capacity 8965K, committed 9088K, reserved 1048576K
}

