# JRE version: OpenJDK Runtime Environment (11.0.13) (build 11.0.13+0-b1751.21-8125866)
# Java VM: OpenJDK 64-Bit Server VM (11.0.13+0-b1751.21-8125866, mixed mode, tiered, compressed oops, g1 gc, windows-amd64)
Heap:
 garbage-first heap   total 237568K, used 179601K [0x0000000080000000, 0x0000000100000000)
  region size 1024K, 51 young (52224K), 2 survivors (2048K)
 Metaspace       used 128066K, capacity 131050K, committed 131152K, reserved 1163264K
  class space    used 15717K, capacity 16821K, committed 16896K, reserved 1048576K
GC Heap History (20 events):
Event: 229.648 GC heap before
{Heap before GC invocations=113 (full 0):
 garbage-first heap   total 237568K, used 193803K [0x0000000080000000, 0x0000000100000000)
  region size 1024K, 88 young (90112K), 13 survivors (13312K)
 Metaspace       used 121249K, capacity 124035K, committed 124368K, reserved 1157120K
  class space    used 14891K, capacity 15905K, committed 16000K, reserved 1048576K
}
Event: 229.783 GC heap after
{Heap after GC invocations=114 (full 0):
 garbage-first heap   total 237568K, used 127971K [0x0000000080000000, 0x0000000100000000)
  region size 1024K, 11 young (11264K), 11 survivors (11264K)
 Metaspace       used 121249K, capacity 124035K, committed 124368K, reserved 1157120K
  class space    used 14891K, capacity 15905K, committed 16000K, reserved 1048576K
}
Event: 231.922 GC heap before
{Heap before GC invocations=114 (full 0):
 garbage-first heap   total 237568K, used 191459K [0x0000000080000000, 0x0000000100000000)
  region size 1024K, 73 young (74752K), 11 survivors (11264K)
 Metaspace       used 122451K, capacity 125318K, committed 125520K, reserved 1159168K
  class space    used 15040K, capacity 16095K, committed 16128K, reserved 1048576K
}
Event: 232.064 GC heap after
{Heap after GC invocations=115 (full 0):
 garbage-first heap   total 237568K, used 138240K [0x0000000080000000, 0x0000000100000000)
  region size 1024K, 10 young (10240K), 10 survivors (10240K)
 Metaspace       used 122451K, capacity 125318K, committed 125520K, reserved 1159168K
  class space    used 15040K, capacity 16095K, committed 16128K, reserved 1048576K
}
Event: 237.912 GC heap before
{Heap before GC invocations=116 (full 0):
 garbage-first heap   total 237568K, used 189440K [0x0000000080000000, 0x0000000100000000)
  region size 1024K, 63 young (64512K), 10 survivors (10240K)
 Metaspace       used 126419K, capacity 129389K, committed 129488K, reserved 1163264K
  class space    used 15627K, capacity 16734K, committed 16768K, reserved 1048576K
}
Event: 237.975 GC heap after
{Heap after GC invocations=117 (full 0):
 garbage-first heap   total 237568K, used 140288K [0x0000000080000000, 0x0000000100000000)
  region size 1024K, 4 young (4096K), 4 survivors (4096K)
 Metaspace       used 126419K, capacity 129389K, committed 129488K, reserved 1163264K
  class space    used 15627K, capacity 16734K, committed 16768K, reserved 1048576K
}
Event: 238.893 GC heap before
{Heap before GC invocations=117 (full 0):
 garbage-first heap   total 237568K, used 147456K [0x0000000080000000, 0x0000000100000000)
  region size 1024K, 11 young (11264K), 4 survivors (4096K)
 Metaspace       used 126994K, capacity 129975K, committed 130128K, reserved 1163264K
  class space    used 15693K, capacity 16800K, committed 16896K, reserved 1048576K
}
Event: 238.915 GC heap after
{Heap after GC invocations=118 (full 0):
 garbage-first heap   total 237568K, used 131584K [0x0000000080000000, 0x0000000100000000)
  region size 1024K, 1 young (1024K), 1 survivors (1024K)
 Metaspace       used 126994K, capacity 129975K, committed 130128K, reserved 1163264K
  class space    used 15693K, capacity 16800K, committed 16896K, reserved 1048576K
}
Event: 242.569 GC heap before
{Heap before GC invocations=118 (full 0):
 garbage-first heap   total 237568K, used 189952K [0x0000000080000000, 0x0000000100000000)
  region size 1024K, 58 young (59392K), 1 survivors (1024K)
 Metaspace       used 127791K, capacity 130713K, committed 130896K, reserved 1163264K
  class space    used 15709K, capacity 16802K, committed 16896K, reserved 1048576K
}
Event: 242.579 GC heap after
{Heap after GC invocations=119 (full 0):
 garbage-first heap   total 237568K, used 131390K [0x0000000080000000, 0x0000000100000000)
  region size 1024K, 1 young (1024K), 1 survivors (1024K)
 Metaspace       used 127791K, capacity 130713K, committed 130896K, reserved 1163264K
  class space    used 15709K, capacity 16802K, committed 16896K, reserved 1048576K
}
Event: 245.308 GC heap before
{Heap before GC invocations=120 (full 0):
 garbage-first heap   total 237568K, used 192830K [0x0000000080000000, 0x0000000100000000)
  region size 1024K, 61 young (62464K), 1 survivors (1024K)
 Metaspace       used 127893K, capacity 130844K, committed 131152K, reserved 1163264K
  class space    used 15707K, capacity 16820K, committed 16896K, reserved 1048576K
}
Event: 245.316 GC heap after
{Heap after GC invocations=121 (full 0):
 garbage-first heap   total 237568K, used 131309K [0x0000000080000000, 0x0000000100000000)
  region size 1024K, 1 young (1024K), 1 survivors (1024K)
 Metaspace       used 127893K, capacity 130844K, committed 131152K, reserved 1163264K
  class space    used 15707K, capacity 16820K, committed 16896K, reserved 1048576K
}
Event: 245.600 GC heap before
{Heap before GC invocations=121 (full 0):
 garbage-first heap   total 237568K, used 141549K [0x0000000080000000, 0x0000000100000000)
  region size 1024K, 11 young (11264K), 1 survivors (1024K)
 Metaspace       used 127903K, capacity 130845K, committed 131152K, reserved 1163264K
  class space    used 15707K, capacity 16820K, committed 16896K, reserved 1048576K
}
Event: 245.613 GC heap after
{Heap after GC invocations=122 (full 0):
 garbage-first heap   total 237568K, used 129565K [0x0000000080000000, 0x0000000100000000)
  region size 1024K, 1 young (1024K), 1 survivors (1024K)
 Metaspace       used 127903K, capacity 130845K, committed 131152K, reserved 1163264K
  class space    used 15707K, capacity 16820K, committed 16896K, reserved 1048576K
}
Event: 247.429 GC heap before
{Heap before GC invocations=122 (full 0):
 garbage-first heap   total 237568K, used 194077K [0x0000000080000000, 0x0000000100000000)
  region size 1024K, 64 young (65536K), 1 survivors (1024K)
 Metaspace       used 127966K, capacity 130976K, committed 131152K, reserved 1163264K
  class space    used 15707K, capacity 16820K, committed 16896K, reserved 1048576K
}
Event: 247.438 GC heap after
{Heap after GC invocations=123 (full 0):
 garbage-first heap   total 237568K, used 129881K [0x0000000080000000, 0x0000000100000000)
  region size 1024K, 2 young (2048K), 2 survivors (2048K)
 Metaspace       used 127966K, capacity 130976K, committed 131152K, reserved 1163264K
  class space    used 15707K, capacity 16820K, committed 16896K, reserved 1048576K
}
Event: 248.801 GC heap before
{Heap before GC invocations=123 (full 0):
 garbage-first heap   total 237568K, used 195417K [0x0000000080000000, 0x0000000100000000)
  region size 1024K, 66 young (67584K), 2 survivors (2048K)
 Metaspace       used 127990K, capacity 130978K, committed 131152K, reserved 1163264K
  class space    used 15707K, capacity 16820K, committed 16896K, reserved 1048576K
}
Event: 248.811 GC heap after
{Heap after GC invocations=124 (full 0):
 garbage-first heap   total 237568K, used 130031K [0x0000000080000000, 0x0000000100000000)
  region size 1024K, 2 young (2048K), 2 survivors (2048K)
 Metaspace       used 127990K, capacity 130978K, committed 131152K, reserved 1163264K
  class space    used 15707K, capacity 16820K, committed 16896K, reserved 1048576K
}
Event: 250.428 GC heap before
{Heap before GC invocations=124 (full 0):
 garbage-first heap   total 237568K, used 197615K [0x0000000080000000, 0x0000000100000000)
  region size 1024K, 68 young (69632K), 2 survivors (2048K)
 Metaspace       used 128059K, capacity 131050K, committed 131152K, reserved 1163264K
  class space    used 15717K, capacity 16821K, committed 16896K, reserved 1048576K
}
Event: 250.443 GC heap after
{Heap after GC invocations=125 (full 0):
 garbage-first heap   total 237568K, used 130449K [0x0000000080000000, 0x0000000100000000)
  region size 1024K, 2 young (2048K), 2 survivors (2048K)
 Metaspace       used 128059K, capacity 131050K, committed 131152K, reserved 1163264K
  class space    used 15717K, capacity 16821K, committed 16896K, reserved 1048576K
}

