# JRE version: OpenJDK Runtime Environment (11.0.13) (build 11.0.13+0-b1751.21-8125866)
# Java VM: OpenJDK 64-Bit Server VM (11.0.13+0-b1751.21-8125866, mixed mode, tiered, compressed oops, g1 gc, windows-amd64)
Heap:
 garbage-first heap   total 181248K, used 132398K [0x0000000080000000, 0x0000000100000000)
  region size 1024K, 7 young (7168K), 2 survivors (2048K)
 Metaspace       used 100007K, capacity 102515K, committed 102736K, reserved 1138688K
  class space    used 12984K, capacity 13969K, committed 14080K, reserved 1048576K
GC Heap History (20 events):
Event: 111.651 GC heap before
{Heap before GC invocations=80 (full 0):
 garbage-first heap   total 150528K, used 82527K [0x0000000080000000, 0x0000000100000000)
  region size 1024K, 3 young (3072K), 1 survivors (1024K)
 Metaspace       used 91622K, capacity 93810K, committed 94160K, reserved 1130496K
  class space    used 11716K, capacity 12553K, committed 12672K, reserved 1048576K
}
Event: 111.662 GC heap after
{Heap after GC invocations=81 (full 0):
 garbage-first heap   total 150528K, used 83776K [0x0000000080000000, 0x0000000100000000)
  region size 1024K, 2 young (2048K), 2 survivors (2048K)
 Metaspace       used 91622K, capacity 93810K, committed 94160K, reserved 1130496K
  class space    used 11716K, capacity 12553K, committed 12672K, reserved 1048576K
}
Event: 115.474 GC heap before
{Heap before GC invocations=82 (full 0):
 garbage-first heap   total 150528K, used 92992K [0x0000000080000000, 0x0000000100000000)
  region size 1024K, 12 young (12288K), 2 survivors (2048K)
 Metaspace       used 93997K, capacity 96168K, committed 96208K, reserved 1132544K
  class space    used 12037K, capacity 12892K, committed 12928K, reserved 1048576K
}
Event: 115.485 GC heap after
{Heap after GC invocations=83 (full 0):
 garbage-first heap   total 150528K, used 86454K [0x0000000080000000, 0x0000000100000000)
  region size 1024K, 4 young (4096K), 4 survivors (4096K)
 Metaspace       used 93997K, capacity 96168K, committed 96208K, reserved 1132544K
  class space    used 12037K, capacity 12892K, committed 12928K, reserved 1048576K
}
Event: 116.341 GC heap before
{Heap before GC invocations=84 (full 0):
 garbage-first heap   total 150528K, used 116150K [0x0000000080000000, 0x0000000100000000)
  region size 1024K, 25 young (25600K), 4 survivors (4096K)
 Metaspace       used 94487K, capacity 96705K, committed 96848K, reserved 1132544K
  class space    used 12108K, capacity 12966K, committed 13056K, reserved 1048576K
}
Event: 116.376 GC heap after
{Heap after GC invocations=85 (full 0):
 garbage-first heap   total 150528K, used 97678K [0x0000000080000000, 0x0000000100000000)
  region size 1024K, 4 young (4096K), 4 survivors (4096K)
 Metaspace       used 94487K, capacity 96705K, committed 96848K, reserved 1132544K
  class space    used 12108K, capacity 12966K, committed 13056K, reserved 1048576K
}
Event: 117.845 GC heap before
{Heap before GC invocations=85 (full 0):
 garbage-first heap   total 150528K, used 115086K [0x0000000080000000, 0x0000000100000000)
  region size 1024K, 21 young (21504K), 4 survivors (4096K)
 Metaspace       used 96121K, capacity 98432K, committed 98512K, reserved 1134592K
  class space    used 12502K, capacity 13416K, committed 13440K, reserved 1048576K
}
Event: 117.911 GC heap after
{Heap after GC invocations=86 (full 0):
 garbage-first heap   total 150528K, used 102838K [0x0000000080000000, 0x0000000100000000)
  region size 1024K, 3 young (3072K), 3 survivors (3072K)
 Metaspace       used 96121K, capacity 98432K, committed 98512K, reserved 1134592K
  class space    used 12502K, capacity 13416K, committed 13440K, reserved 1048576K
}
Event: 119.343 GC heap before
{Heap before GC invocations=87 (full 0):
 garbage-first heap   total 150528K, used 118198K [0x0000000080000000, 0x0000000100000000)
  region size 1024K, 18 young (18432K), 3 survivors (3072K)
 Metaspace       used 96772K, capacity 99109K, committed 99408K, reserved 1134592K
  class space    used 12550K, capacity 13467K, committed 13568K, reserved 1048576K
}
Event: 119.398 GC heap after
{Heap after GC invocations=88 (full 0):
 garbage-first heap   total 150528K, used 110592K [0x0000000080000000, 0x0000000100000000)
  region size 1024K, 3 young (3072K), 3 survivors (3072K)
 Metaspace       used 96772K, capacity 99109K, committed 99408K, reserved 1134592K
  class space    used 12550K, capacity 13467K, committed 13568K, reserved 1048576K
}
Event: 119.839 GC heap before
{Heap before GC invocations=88 (full 0):
 garbage-first heap   total 150528K, used 121856K [0x0000000080000000, 0x0000000100000000)
  region size 1024K, 14 young (14336K), 3 survivors (3072K)
 Metaspace       used 96790K, capacity 99110K, committed 99408K, reserved 1134592K
  class space    used 12550K, capacity 13467K, committed 13568K, reserved 1048576K
}
Event: 119.879 GC heap after
{Heap after GC invocations=89 (full 0):
 garbage-first heap   total 150528K, used 116736K [0x0000000080000000, 0x0000000100000000)
  region size 1024K, 2 young (2048K), 2 survivors (2048K)
 Metaspace       used 96790K, capacity 99110K, committed 99408K, reserved 1134592K
  class space    used 12550K, capacity 13467K, committed 13568K, reserved 1048576K
}
Event: 121.001 GC heap before
{Heap before GC invocations=90 (full 0):
 garbage-first heap   total 150528K, used 123904K [0x0000000080000000, 0x0000000100000000)
  region size 1024K, 10 young (10240K), 2 survivors (2048K)
 Metaspace       used 96804K, capacity 99113K, committed 99408K, reserved 1134592K
  class space    used 12550K, capacity 13467K, committed 13568K, reserved 1048576K
}
Event: 121.033 GC heap after
{Heap after GC invocations=91 (full 0):
 garbage-first heap   total 150528K, used 121344K [0x0000000080000000, 0x0000000100000000)
  region size 1024K, 2 young (2048K), 2 survivors (2048K)
 Metaspace       used 96804K, capacity 99113K, committed 99408K, reserved 1134592K
  class space    used 12550K, capacity 13467K, committed 13568K, reserved 1048576K
}
Event: 121.231 GC heap before
{Heap before GC invocations=91 (full 0):
 garbage-first heap   total 150528K, used 126464K [0x0000000080000000, 0x0000000100000000)
  region size 1024K, 8 young (8192K), 2 survivors (2048K)
 Metaspace       used 96814K, capacity 99114K, committed 99408K, reserved 1134592K
  class space    used 12550K, capacity 13467K, committed 13568K, reserved 1048576K
}
Event: 121.255 GC heap after
{Heap after GC invocations=92 (full 0):
 garbage-first heap   total 181248K, used 124832K [0x0000000080000000, 0x0000000100000000)
  region size 1024K, 1 young (1024K), 1 survivors (1024K)
 Metaspace       used 96814K, capacity 99114K, committed 99408K, reserved 1134592K
  class space    used 12550K, capacity 13467K, committed 13568K, reserved 1048576K
}
Event: 124.064 GC heap before
{Heap before GC invocations=93 (full 0):
 garbage-first heap   total 181248K, used 139168K [0x0000000080000000, 0x0000000100000000)
  region size 1024K, 15 young (15360K), 1 survivors (1024K)
 Metaspace       used 98643K, capacity 100943K, committed 101200K, reserved 1136640K
  class space    used 12795K, capacity 13730K, committed 13824K, reserved 1048576K
}
Event: 124.095 GC heap after
{Heap after GC invocations=94 (full 0):
 garbage-first heap   total 181248K, used 129152K [0x0000000080000000, 0x0000000100000000)
  region size 1024K, 2 young (2048K), 2 survivors (2048K)
 Metaspace       used 98643K, capacity 100943K, committed 101200K, reserved 1136640K
  class space    used 12795K, capacity 13730K, committed 13824K, reserved 1048576K
}
Event: 125.075 GC heap before
{Heap before GC invocations=94 (full 0):
 garbage-first heap   total 181248K, used 142464K [0x0000000080000000, 0x0000000100000000)
  region size 1024K, 15 young (15360K), 2 survivors (2048K)
 Metaspace       used 99161K, capacity 101501K, committed 101712K, reserved 1136640K
  class space    used 12857K, capacity 13803K, committed 13824K, reserved 1048576K
}
Event: 125.109 GC heap after
{Heap after GC invocations=95 (full 0):
 garbage-first heap   total 181248K, used 131743K [0x0000000080000000, 0x0000000100000000)
  region size 1024K, 2 young (2048K), 2 survivors (2048K)
 Metaspace       used 99161K, capacity 101501K, committed 101712K, reserved 1136640K
  class space    used 12857K, capacity 13803K, committed 13824K, reserved 1048576K
}

