# JRE version: OpenJDK Runtime Environment (11.0.13) (build 11.0.13+0-b1751.21-8125866)
# Java VM: OpenJDK 64-Bit Server VM (11.0.13+0-b1751.21-8125866, mixed mode, tiered, compressed oops, g1 gc, windows-amd64)
Heap:
 garbage-first heap   total 211968K, used 167869K [0x0000000080000000, 0x0000000100000000)
  region size 1024K, 13 young (13312K), 3 survivors (3072K)
 Metaspace       used 115044K, capacity 118068K, committed 118396K, reserved 1153024K
  class space    used 14074K, capacity 15174K, committed 15308K, reserved 1048576K
GC Heap History (20 events):
Event: 1170.148 GC heap before
{Heap before GC invocations=188 (full 0):
 garbage-first heap   total 211968K, used 175168K [0x0000000080000000, 0x0000000100000000)
  region size 1024K, 15 young (15360K), 2 survivors (2048K)
 Metaspace       used 108574K, capacity 111492K, committed 111612K, reserved 1146880K
  class space    used 13322K, capacity 14394K, committed 14412K, reserved 1048576K
}
Event: 1170.164 GC heap after
{Heap after GC invocations=189 (full 0):
 garbage-first heap   total 211968K, used 160958K [0x0000000080000000, 0x0000000100000000)
  region size 1024K, 1 young (1024K), 1 survivors (1024K)
 Metaspace       used 108574K, capacity 111492K, committed 111612K, reserved 1146880K
  class space    used 13322K, capacity 14394K, committed 14412K, reserved 1048576K
}
Event: 1173.573 GC heap before
{Heap before GC invocations=190 (full 0):
 garbage-first heap   total 211968K, used 176318K [0x0000000080000000, 0x0000000100000000)
  region size 1024K, 16 young (16384K), 1 survivors (1024K)
 Metaspace       used 108593K, capacity 111492K, committed 111612K, reserved 1146880K
  class space    used 13322K, capacity 14394K, committed 14412K, reserved 1048576K
}
Event: 1173.578 GC heap after
{Heap after GC invocations=191 (full 0):
 garbage-first heap   total 211968K, used 160397K [0x0000000080000000, 0x0000000100000000)
  region size 1024K, 1 young (1024K), 1 survivors (1024K)
 Metaspace       used 108593K, capacity 111492K, committed 111612K, reserved 1146880K
  class space    used 13322K, capacity 14394K, committed 14412K, reserved 1048576K
}
Event: 1175.320 GC heap before
{Heap before GC invocations=191 (full 0):
 garbage-first heap   total 211968K, used 169613K [0x0000000080000000, 0x0000000100000000)
  region size 1024K, 10 young (10240K), 1 survivors (1024K)
 Metaspace       used 108644K, capacity 111556K, committed 111612K, reserved 1146880K
  class space    used 13322K, capacity 14394K, committed 14412K, reserved 1048576K
}
Event: 1175.327 GC heap after
{Heap after GC invocations=192 (full 0):
 garbage-first heap   total 211968K, used 156790K [0x0000000080000000, 0x0000000100000000)
  region size 1024K, 1 young (1024K), 1 survivors (1024K)
 Metaspace       used 108644K, capacity 111556K, committed 111612K, reserved 1146880K
  class space    used 13322K, capacity 14394K, committed 14412K, reserved 1048576K
}
Event: 1194.794 GC heap before
{Heap before GC invocations=192 (full 0):
 garbage-first heap   total 211968K, used 175222K [0x0000000080000000, 0x0000000100000000)
  region size 1024K, 20 young (20480K), 1 survivors (1024K)
 Metaspace       used 109359K, capacity 112252K, committed 112508K, reserved 1146880K
  class space    used 13383K, capacity 14430K, committed 14540K, reserved 1048576K
}
Event: 1194.804 GC heap after
{Heap after GC invocations=193 (full 0):
 garbage-first heap   total 211968K, used 157253K [0x0000000080000000, 0x0000000100000000)
  region size 1024K, 1 young (1024K), 1 survivors (1024K)
 Metaspace       used 109359K, capacity 112252K, committed 112508K, reserved 1146880K
  class space    used 13383K, capacity 14430K, committed 14540K, reserved 1048576K
}
Event: 1204.920 GC heap before
{Heap before GC invocations=194 (full 0):
 garbage-first heap   total 211968K, used 177733K [0x0000000080000000, 0x0000000100000000)
  region size 1024K, 22 young (22528K), 1 survivors (1024K)
 Metaspace       used 110719K, capacity 113700K, committed 113916K, reserved 1148928K
  class space    used 13566K, capacity 14635K, committed 14668K, reserved 1048576K
}
Event: 1204.931 GC heap after
{Heap after GC invocations=195 (full 0):
 garbage-first heap   total 211968K, used 157598K [0x0000000080000000, 0x0000000100000000)
  region size 1024K, 1 young (1024K), 1 survivors (1024K)
 Metaspace       used 110719K, capacity 113700K, committed 113916K, reserved 1148928K
  class space    used 13566K, capacity 14635K, committed 14668K, reserved 1048576K
}
Event: 1205.356 GC heap before
{Heap before GC invocations=195 (full 0):
 garbage-first heap   total 211968K, used 166814K [0x0000000080000000, 0x0000000100000000)
  region size 1024K, 10 young (10240K), 1 survivors (1024K)
 Metaspace       used 111386K, capacity 114372K, committed 114556K, reserved 1148928K
  class space    used 13656K, capacity 14731K, committed 14796K, reserved 1048576K
}
Event: 1205.370 GC heap after
{Heap after GC invocations=196 (full 0):
 garbage-first heap   total 211968K, used 153055K [0x0000000080000000, 0x0000000100000000)
  region size 1024K, 2 young (2048K), 2 survivors (2048K)
 Metaspace       used 111386K, capacity 114372K, committed 114556K, reserved 1148928K
  class space    used 13656K, capacity 14731K, committed 14796K, reserved 1048576K
}
Event: 1206.112 GC heap before
{Heap before GC invocations=196 (full 0):
 garbage-first heap   total 211968K, used 176607K [0x0000000080000000, 0x0000000100000000)
  region size 1024K, 25 young (25600K), 2 survivors (2048K)
 Metaspace       used 113130K, capacity 116132K, committed 116348K, reserved 1150976K
  class space    used 13881K, capacity 14955K, committed 15052K, reserved 1048576K
}
Event: 1206.122 GC heap after
{Heap after GC invocations=197 (full 0):
 garbage-first heap   total 211968K, used 153305K [0x0000000080000000, 0x0000000100000000)
  region size 1024K, 2 young (2048K), 2 survivors (2048K)
 Metaspace       used 113130K, capacity 116132K, committed 116348K, reserved 1150976K
  class space    used 13881K, capacity 14955K, committed 15052K, reserved 1048576K
}
Event: 1213.514 GC heap before
{Heap before GC invocations=198 (full 0):
 garbage-first heap   total 211968K, used 176857K [0x0000000080000000, 0x0000000100000000)
  region size 1024K, 26 young (26624K), 2 survivors (2048K)
 Metaspace       used 113607K, capacity 116594K, committed 116860K, reserved 1150976K
  class space    used 13899K, capacity 14957K, committed 15052K, reserved 1048576K
}
Event: 1213.630 GC heap after
{Heap after GC invocations=199 (full 0):
 garbage-first heap   total 211968K, used 156693K [0x0000000080000000, 0x0000000100000000)
  region size 1024K, 4 young (4096K), 4 survivors (4096K)
 Metaspace       used 113607K, capacity 116594K, committed 116860K, reserved 1150976K
  class space    used 13899K, capacity 14957K, committed 15052K, reserved 1048576K
}
Event: 1216.368 GC heap before
{Heap before GC invocations=199 (full 0):
 garbage-first heap   total 211968K, used 161813K [0x0000000080000000, 0x0000000100000000)
  region size 1024K, 10 young (10240K), 4 survivors (4096K)
 Metaspace       used 114044K, capacity 117068K, committed 117116K, reserved 1150976K
  class space    used 13945K, capacity 15010K, committed 15052K, reserved 1048576K
}
Event: 1216.396 GC heap after
{Heap after GC invocations=200 (full 0):
 garbage-first heap   total 211968K, used 156778K [0x0000000080000000, 0x0000000100000000)
  region size 1024K, 1 young (1024K), 1 survivors (1024K)
 Metaspace       used 114044K, capacity 117068K, committed 117116K, reserved 1150976K
  class space    used 13945K, capacity 15010K, committed 15052K, reserved 1048576K
}
Event: 1226.030 GC heap before
{Heap before GC invocations=200 (full 0):
 garbage-first heap   total 211968K, used 178282K [0x0000000080000000, 0x0000000100000000)
  region size 1024K, 23 young (23552K), 1 survivors (1024K)
 Metaspace       used 115043K, capacity 118067K, committed 118396K, reserved 1153024K
  class space    used 14074K, capacity 15174K, committed 15308K, reserved 1048576K
}
Event: 1226.050 GC heap after
{Heap after GC invocations=201 (full 0):
 garbage-first heap   total 211968K, used 158653K [0x0000000080000000, 0x0000000100000000)
  region size 1024K, 3 young (3072K), 3 survivors (3072K)
 Metaspace       used 115043K, capacity 118067K, committed 118396K, reserved 1153024K
  class space    used 14074K, capacity 15174K, committed 15308K, reserved 1048576K
}

