# JRE version: OpenJDK Runtime Environment (11.0.13) (build 11.0.13+0-b1751.21-8125866)
# Java VM: OpenJDK 64-Bit Server VM (11.0.13+0-b1751.21-8125866, mixed mode, tiered, compressed oops, g1 gc, windows-amd64)
Heap:
 garbage-first heap   total 529408K, used 122201K [0x0000000080000000, 0x0000000100000000)
  region size 1024K, 8 young (8192K), 2 survivors (2048K)
 Metaspace       used 135624K, capacity 139572K, committed 139856K, reserved 1171456K
  class space    used 16561K, capacity 18053K, committed 18176K, reserved 1048576K
GC Heap History (20 events):
Event: 2256.367 GC heap before
{Heap before GC invocations=190 (full 0):
 garbage-first heap   total 463872K, used 186137K [0x0000000080000000, 0x0000000100000000)
  region size 1024K, 22 young (22528K), 6 survivors (6144K)
 Metaspace       used 135451K, capacity 139453K, committed 139600K, reserved 1171456K
  class space    used 16554K, capacity 18046K, committed 18176K, reserved 1048576K
}
Event: 2256.402 GC heap after
{Heap after GC invocations=191 (full 0):
 garbage-first heap   total 463872K, used 171342K [0x0000000080000000, 0x0000000100000000)
  region size 1024K, 3 young (3072K), 3 survivors (3072K)
 Metaspace       used 135451K, capacity 139453K, committed 139600K, reserved 1171456K
  class space    used 16554K, capacity 18046K, committed 18176K, reserved 1048576K
}
Event: 2256.431 GC heap before
{Heap before GC invocations=191 (full 0):
 garbage-first heap   total 463872K, used 174414K [0x0000000080000000, 0x0000000100000000)
  region size 1024K, 7 young (7168K), 3 survivors (3072K)
 Metaspace       used 135451K, capacity 139453K, committed 139600K, reserved 1171456K
  class space    used 16554K, capacity 18046K, committed 18176K, reserved 1048576K
}
Event: 2256.443 GC heap after
{Heap after GC invocations=192 (full 0):
 garbage-first heap   total 463872K, used 171690K [0x0000000080000000, 0x0000000100000000)
  region size 1024K, 4 young (4096K), 4 survivors (4096K)
 Metaspace       used 135451K, capacity 139453K, committed 139600K, reserved 1171456K
  class space    used 16554K, capacity 18046K, committed 18176K, reserved 1048576K
}
Event: 2258.956 GC heap before
{Heap before GC invocations=193 (full 0):
 garbage-first heap   total 463872K, used 175786K [0x0000000080000000, 0x0000000100000000)
  region size 1024K, 48 young (49152K), 4 survivors (4096K)
 Metaspace       used 135469K, capacity 139454K, committed 139600K, reserved 1171456K
  class space    used 16554K, capacity 18046K, committed 18176K, reserved 1048576K
}
Event: 2258.987 GC heap after
{Heap after GC invocations=194 (full 0):
 garbage-first heap   total 463872K, used 130378K [0x0000000080000000, 0x0000000100000000)
  region size 1024K, 6 young (6144K), 6 survivors (6144K)
 Metaspace       used 135469K, capacity 139454K, committed 139600K, reserved 1171456K
  class space    used 16554K, capacity 18046K, committed 18176K, reserved 1048576K
}
Event: 2259.094 GC heap before
{Heap before GC invocations=194 (full 0):
 garbage-first heap   total 463872K, used 146762K [0x0000000080000000, 0x0000000100000000)
  region size 1024K, 22 young (22528K), 6 survivors (6144K)
 Metaspace       used 135469K, capacity 139454K, committed 139600K, reserved 1171456K
  class space    used 16554K, capacity 18046K, committed 18176K, reserved 1048576K
}
Event: 2259.114 GC heap after
{Heap after GC invocations=195 (full 0):
 garbage-first heap   total 463872K, used 119808K [0x0000000080000000, 0x0000000100000000)
  region size 1024K, 1 young (1024K), 1 survivors (1024K)
 Metaspace       used 135469K, capacity 139454K, committed 139600K, reserved 1171456K
  class space    used 16554K, capacity 18046K, committed 18176K, reserved 1048576K
}
Event: 2259.495 GC heap before
{Heap before GC invocations=195 (full 0):
 garbage-first heap   total 463872K, used 176128K [0x0000000080000000, 0x0000000100000000)
  region size 1024K, 56 young (57344K), 1 survivors (1024K)
 Metaspace       used 135473K, capacity 139454K, committed 139600K, reserved 1171456K
  class space    used 16554K, capacity 18046K, committed 18176K, reserved 1048576K
}
Event: 2259.512 GC heap after
{Heap after GC invocations=196 (full 0):
 garbage-first heap   total 463872K, used 119599K [0x0000000080000000, 0x0000000100000000)
  region size 1024K, 1 young (1024K), 1 survivors (1024K)
 Metaspace       used 135473K, capacity 139454K, committed 139600K, reserved 1171456K
  class space    used 16554K, capacity 18046K, committed 18176K, reserved 1048576K
}
Event: 2260.357 GC heap before
{Heap before GC invocations=196 (full 0):
 garbage-first heap   total 463872K, used 194351K [0x0000000080000000, 0x0000000100000000)
  region size 1024K, 74 young (75776K), 1 survivors (1024K)
 Metaspace       used 135474K, capacity 139454K, committed 139600K, reserved 1171456K
  class space    used 16554K, capacity 18046K, committed 18176K, reserved 1048576K
}
Event: 2260.363 GC heap after
{Heap after GC invocations=197 (full 0):
 garbage-first heap   total 463872K, used 120308K [0x0000000080000000, 0x0000000100000000)
  region size 1024K, 2 young (2048K), 2 survivors (2048K)
 Metaspace       used 135474K, capacity 139454K, committed 139600K, reserved 1171456K
  class space    used 16554K, capacity 18046K, committed 18176K, reserved 1048576K
}
Event: 2261.588 GC heap before
{Heap before GC invocations=197 (full 0):
 garbage-first heap   total 463872K, used 217588K [0x0000000080000000, 0x0000000100000000)
  region size 1024K, 97 young (99328K), 2 survivors (2048K)
 Metaspace       used 135513K, capacity 139525K, committed 139856K, reserved 1171456K
  class space    used 16554K, capacity 18046K, committed 18176K, reserved 1048576K
}
Event: 2261.598 GC heap after
{Heap after GC invocations=198 (full 0):
 garbage-first heap   total 463872K, used 120960K [0x0000000080000000, 0x0000000100000000)
  region size 1024K, 3 young (3072K), 3 survivors (3072K)
 Metaspace       used 135513K, capacity 139525K, committed 139856K, reserved 1171456K
  class space    used 16554K, capacity 18046K, committed 18176K, reserved 1048576K
}
Event: 2266.357 GC heap before
{Heap before GC invocations=199 (full 0):
 garbage-first heap   total 463872K, used 234624K [0x0000000080000000, 0x0000000100000000)
  region size 1024K, 117 young (119808K), 3 survivors (3072K)
 Metaspace       used 135546K, capacity 139532K, committed 139856K, reserved 1171456K
  class space    used 16554K, capacity 18046K, committed 18176K, reserved 1048576K
}
Event: 2266.402 GC heap after
{Heap after GC invocations=200 (full 0):
 garbage-first heap   total 463872K, used 119808K [0x0000000080000000, 0x0000000100000000)
  region size 1024K, 7 young (7168K), 7 survivors (7168K)
 Metaspace       used 135546K, capacity 139532K, committed 139856K, reserved 1171456K
  class space    used 16554K, capacity 18046K, committed 18176K, reserved 1048576K
}
Event: 2266.638 GC heap before
{Heap before GC invocations=200 (full 0):
 garbage-first heap   total 463872K, used 142336K [0x0000000080000000, 0x0000000100000000)
  region size 1024K, 22 young (22528K), 7 survivors (7168K)
 Metaspace       used 135546K, capacity 139532K, committed 139856K, reserved 1171456K
  class space    used 16554K, capacity 18046K, committed 18176K, reserved 1048576K
}
Event: 2266.727 GC heap after
{Heap after GC invocations=201 (full 0):
 garbage-first heap   total 463872K, used 119548K [0x0000000080000000, 0x0000000100000000)
  region size 1024K, 1 young (1024K), 1 survivors (1024K)
 Metaspace       used 135546K, capacity 139532K, committed 139856K, reserved 1171456K
  class space    used 16554K, capacity 18046K, committed 18176K, reserved 1048576K
}
Event: 2266.865 GC heap before
{Heap before GC invocations=201 (full 0):
 garbage-first heap   total 463872K, used 165628K [0x0000000080000000, 0x0000000100000000)
  region size 1024K, 47 young (48128K), 1 survivors (1024K)
 Metaspace       used 135546K, capacity 139532K, committed 139856K, reserved 1171456K
  class space    used 16554K, capacity 18046K, committed 18176K, reserved 1048576K
}
Event: 2266.873 GC heap after
{Heap after GC invocations=202 (full 0):
 garbage-first heap   total 529408K, used 116285K [0x0000000080000000, 0x0000000100000000)
  region size 1024K, 1 young (1024K), 1 survivors (1024K)
 Metaspace       used 135546K, capacity 139532K, committed 139856K, reserved 1171456K
  class space    used 16554K, capacity 18046K, committed 18176K, reserved 1048576K
}

