# JRE version: OpenJDK Runtime Environment (11.0.13) (build 11.0.13+0-b1751.21-8125866)
# Java VM: OpenJDK 64-Bit Server VM (11.0.13+0-b1751.21-8125866, mixed mode, tiered, compressed oops, g1 gc, windows-amd64)
Heap:
 garbage-first heap   total 212992K, used 142397K [0x0000000080000000, 0x0000000100000000)
  region size 1024K, 2 young (2048K), 2 survivors (2048K)
 Metaspace       used 101693K, capacity 104098K, committed 104240K, reserved 1140736K
  class space    used 13027K, capacity 13890K, committed 13952K, reserved 1048576K
GC Heap History (20 events):
Event: 216.420 GC heap after
{Heap after GC invocations=166 (full 0):
 garbage-first heap   total 147456K, used 138911K [0x0000000080000000, 0x0000000100000000)
  region size 1024K, 1 young (1024K), 1 survivors (1024K)
 Metaspace       used 92795K, capacity 95110K, committed 95408K, reserved 1132544K
  class space    used 11924K, capacity 12711K, committed 12800K, reserved 1048576K
}
Event: 216.668 GC heap before
{Heap before GC invocations=166 (full 0):
 garbage-first heap   total 147456K, used 145055K [0x0000000080000000, 0x0000000100000000)
  region size 1024K, 7 young (7168K), 1 survivors (1024K)
 Metaspace       used 93169K, capacity 95475K, committed 95664K, reserved 1132544K
  class space    used 11976K, capacity 12747K, committed 12800K, reserved 1048576K
}
Event: 216.674 GC heap after
{Heap after GC invocations=167 (full 0):
 garbage-first heap   total 177152K, used 139009K [0x0000000080000000, 0x0000000100000000)
  region size 1024K, 1 young (1024K), 1 survivors (1024K)
 Metaspace       used 93169K, capacity 95475K, committed 95664K, reserved 1132544K
  class space    used 11976K, capacity 12747K, committed 12800K, reserved 1048576K
}
Event: 217.239 GC heap before
{Heap before GC invocations=168 (full 0):
 garbage-first heap   total 177152K, used 149249K [0x0000000080000000, 0x0000000100000000)
  region size 1024K, 11 young (11264K), 1 survivors (1024K)
 Metaspace       used 93345K, capacity 95635K, committed 95664K, reserved 1132544K
  class space    used 12006K, capacity 12779K, committed 12800K, reserved 1048576K
}
Event: 217.248 GC heap after
{Heap after GC invocations=169 (full 0):
 garbage-first heap   total 177152K, used 139081K [0x0000000080000000, 0x0000000100000000)
  region size 1024K, 1 young (1024K), 1 survivors (1024K)
 Metaspace       used 93345K, capacity 95635K, committed 95664K, reserved 1132544K
  class space    used 12006K, capacity 12779K, committed 12800K, reserved 1048576K
}
Event: 217.359 GC heap before
{Heap before GC invocations=169 (full 0):
 garbage-first heap   total 177152K, used 150345K [0x0000000080000000, 0x0000000100000000)
  region size 1024K, 12 young (12288K), 1 survivors (1024K)
 Metaspace       used 93716K, capacity 95987K, committed 96304K, reserved 1132544K
  class space    used 12041K, capacity 12811K, committed 12928K, reserved 1048576K
}
Event: 217.363 GC heap after
{Heap after GC invocations=170 (full 0):
 garbage-first heap   total 177152K, used 139040K [0x0000000080000000, 0x0000000100000000)
  region size 1024K, 1 young (1024K), 1 survivors (1024K)
 Metaspace       used 93716K, capacity 95987K, committed 96304K, reserved 1132544K
  class space    used 12041K, capacity 12811K, committed 12928K, reserved 1048576K
}
Event: 217.753 GC heap before
{Heap before GC invocations=171 (full 0):
 garbage-first heap   total 177152K, used 150304K [0x0000000080000000, 0x0000000100000000)
  region size 1024K, 12 young (12288K), 1 survivors (1024K)
 Metaspace       used 94041K, capacity 96339K, committed 96560K, reserved 1132544K
  class space    used 12089K, capacity 12843K, committed 12928K, reserved 1048576K
}
Event: 217.763 GC heap after
{Heap after GC invocations=172 (full 0):
 garbage-first heap   total 177152K, used 139273K [0x0000000080000000, 0x0000000100000000)
  region size 1024K, 1 young (1024K), 1 survivors (1024K)
 Metaspace       used 94041K, capacity 96339K, committed 96560K, reserved 1132544K
  class space    used 12089K, capacity 12843K, committed 12928K, reserved 1048576K
}
Event: 218.466 GC heap before
{Heap before GC invocations=172 (full 0):
 garbage-first heap   total 177152K, used 143369K [0x0000000080000000, 0x0000000100000000)
  region size 1024K, 7 young (7168K), 1 survivors (1024K)
 Metaspace       used 94593K, capacity 96915K, committed 97072K, reserved 1134592K
  class space    used 12143K, capacity 12907K, committed 12928K, reserved 1048576K
}
Event: 218.471 GC heap after
{Heap after GC invocations=173 (full 0):
 garbage-first heap   total 177152K, used 139621K [0x0000000080000000, 0x0000000100000000)
  region size 1024K, 1 young (1024K), 1 survivors (1024K)
 Metaspace       used 94593K, capacity 96915K, committed 97072K, reserved 1134592K
  class space    used 12143K, capacity 12907K, committed 12928K, reserved 1048576K
}
Event: 219.858 GC heap before
{Heap before GC invocations=174 (full 0):
 garbage-first heap   total 177152K, used 152933K [0x0000000080000000, 0x0000000100000000)
  region size 1024K, 13 young (13312K), 1 survivors (1024K)
 Metaspace       used 97063K, capacity 99360K, committed 99632K, reserved 1136640K
  class space    used 12382K, capacity 13166K, committed 13184K, reserved 1048576K
}
Event: 219.866 GC heap after
{Heap after GC invocations=175 (full 0):
 garbage-first heap   total 177152K, used 139454K [0x0000000080000000, 0x0000000100000000)
  region size 1024K, 1 young (1024K), 1 survivors (1024K)
 Metaspace       used 97063K, capacity 99360K, committed 99632K, reserved 1136640K
  class space    used 12382K, capacity 13166K, committed 13184K, reserved 1048576K
}
Event: 221.369 GC heap before
{Heap before GC invocations=175 (full 0):
 garbage-first heap   total 177152K, used 151742K [0x0000000080000000, 0x0000000100000000)
  region size 1024K, 13 young (13312K), 1 survivors (1024K)
 Metaspace       used 98396K, capacity 100665K, committed 100912K, reserved 1136640K
  class space    used 12606K, capacity 13403K, committed 13440K, reserved 1048576K
}
Event: 221.378 GC heap after
{Heap after GC invocations=176 (full 0):
 garbage-first heap   total 177152K, used 139889K [0x0000000080000000, 0x0000000100000000)
  region size 1024K, 2 young (2048K), 2 survivors (2048K)
 Metaspace       used 98396K, capacity 100665K, committed 100912K, reserved 1136640K
  class space    used 12606K, capacity 13403K, committed 13440K, reserved 1048576K
}
Event: 223.631 GC heap before
{Heap before GC invocations=177 (full 0):
 garbage-first heap   total 177152K, used 152177K [0x0000000080000000, 0x0000000100000000)
  region size 1024K, 14 young (14336K), 2 survivors (2048K)
 Metaspace       used 99735K, capacity 102085K, committed 102448K, reserved 1138688K
  class space    used 12764K, capacity 13572K, committed 13696K, reserved 1048576K
}
Event: 223.646 GC heap after
{Heap after GC invocations=178 (full 0):
 garbage-first heap   total 177152K, used 140761K [0x0000000080000000, 0x0000000100000000)
  region size 1024K, 2 young (2048K), 2 survivors (2048K)
 Metaspace       used 99735K, capacity 102085K, committed 102448K, reserved 1138688K
  class space    used 12764K, capacity 13572K, committed 13696K, reserved 1048576K
}
Event: 224.690 GC heap before
{Heap before GC invocations=178 (full 0):
 garbage-first heap   total 177152K, used 153049K [0x0000000080000000, 0x0000000100000000)
  region size 1024K, 14 young (14336K), 2 survivors (2048K)
 Metaspace       used 100804K, capacity 103238K, committed 103344K, reserved 1138688K
  class space    used 12922K, capacity 13783K, committed 13824K, reserved 1048576K
}
Event: 224.705 GC heap after
{Heap after GC invocations=179 (full 0):
 garbage-first heap   total 177152K, used 141513K [0x0000000080000000, 0x0000000100000000)
  region size 1024K, 2 young (2048K), 2 survivors (2048K)
 Metaspace       used 100804K, capacity 103238K, committed 103344K, reserved 1138688K
  class space    used 12922K, capacity 13783K, committed 13824K, reserved 1048576K
}
Event: 225.703 GC heap before
{Heap before GC invocations=180 (full 0):
 garbage-first heap   total 177152K, used 153801K [0x0000000080000000, 0x0000000100000000)
  region size 1024K, 14 young (14336K), 2 survivors (2048K)
 Metaspace       used 101693K, capacity 104098K, committed 104240K, reserved 1140736K
  class space    used 13027K, capacity 13890K, committed 13952K, reserved 1048576K
}

